<?xml version="1.0" encoding="UTF-8"?>
<testng-results ignored="0" total="2" passed="2" failed="0" skipped="0">
  <reporter-output>
  </reporter-output>
  <suite started-at="2025-08-22T09:50:45 IST" name="Surefire suite" finished-at="2025-08-22T09:50:45 IST" duration-ms="42">
    <groups>
    </groups>
    <test started-at="2025-08-22T09:50:45 IST" name="Surefire test" finished-at="2025-08-22T09:50:45 IST" duration-ms="42">
      <class name="testNG.TestNgFlow">
        <test-method is-config="true" signature="beforeSuite()[pri:0, instance:testNG.TestNgFlow@460d0a57]" started-at="2025-08-22T09:50:45 IST" name="beforeSuite" finished-at="2025-08-22T09:50:45 IST" duration-ms="9" status="PASS">
          <reporter-output>
          </reporter-output>
        </test-method> <!-- beforeSuite -->
        <test-method is-config="true" signature="beforeTest()[pri:0, instance:testNG.TestNgFlow@460d0a57]" started-at="2025-08-22T09:50:45 IST" name="beforeTest" finished-at="2025-08-22T09:50:45 IST" duration-ms="1" status="PASS">
          <reporter-output>
          </reporter-output>
        </test-method> <!-- beforeTest -->
        <test-method is-config="true" signature="beforeClass()[pri:0, instance:testNG.TestNgFlow@460d0a57]" started-at="2025-08-22T09:50:45 IST" name="beforeClass" finished-at="2025-08-22T09:50:45 IST" duration-ms="0" status="PASS">
          <reporter-output>
          </reporter-output>
        </test-method> <!-- beforeClass -->
        <test-method is-config="true" signature="beforeMethod()[pri:0, instance:testNG.TestNgFlow@460d0a57]" started-at="2025-08-22T09:50:45 IST" name="beforeMethod" finished-at="2025-08-22T09:50:45 IST" duration-ms="0" status="PASS">
          <reporter-output>
          </reporter-output>
        </test-method> <!-- beforeMethod -->
        <test-method signature="myTest()[pri:0, instance:testNG.TestNgFlow@460d0a57]" started-at="2025-08-22T09:50:45 IST" name="myTest" finished-at="2025-08-22T09:50:45 IST" duration-ms="1" status="PASS">
          <reporter-output>
          </reporter-output>
        </test-method> <!-- myTest -->
        <test-method is-config="true" signature="afterMethod()[pri:0, instance:testNG.TestNgFlow@460d0a57]" started-at="2025-08-22T09:50:45 IST" name="afterMethod" finished-at="2025-08-22T09:50:45 IST" duration-ms="1" status="PASS">
          <reporter-output>
          </reporter-output>
        </test-method> <!-- afterMethod -->
        <test-method is-config="true" signature="beforeMethod()[pri:0, instance:testNG.TestNgFlow@460d0a57]" started-at="2025-08-22T09:50:45 IST" name="beforeMethod" finished-at="2025-08-22T09:50:45 IST" duration-ms="1" status="PASS">
          <reporter-output>
          </reporter-output>
        </test-method> <!-- beforeMethod -->
        <test-method signature="myTest2()[pri:0, instance:testNG.TestNgFlow@460d0a57]" started-at="2025-08-22T09:50:45 IST" name="myTest2" finished-at="2025-08-22T09:50:45 IST" duration-ms="0" status="PASS">
          <reporter-output>
          </reporter-output>
        </test-method> <!-- myTest2 -->
        <test-method is-config="true" signature="afterMethod()[pri:0, instance:testNG.TestNgFlow@460d0a57]" started-at="2025-08-22T09:50:45 IST" name="afterMethod" finished-at="2025-08-22T09:50:45 IST" duration-ms="0" status="PASS">
          <reporter-output>
          </reporter-output>
        </test-method> <!-- afterMethod -->
        <test-method is-config="true" signature="afterClass()[pri:0, instance:testNG.TestNgFlow@460d0a57]" started-at="2025-08-22T09:50:45 IST" name="afterClass" finished-at="2025-08-22T09:50:45 IST" duration-ms="1" status="PASS">
          <reporter-output>
          </reporter-output>
        </test-method> <!-- afterClass -->
        <test-method is-config="true" signature="afterTest()[pri:0, instance:testNG.TestNgFlow@460d0a57]" started-at="2025-08-22T09:50:45 IST" name="afterTest" finished-at="2025-08-22T09:50:45 IST" duration-ms="1" status="PASS">
          <reporter-output>
          </reporter-output>
        </test-method> <!-- afterTest -->
        <test-method is-config="true" signature="afterSuite()[pri:0, instance:testNG.TestNgFlow@460d0a57]" started-at="2025-08-22T09:50:45 IST" name="afterSuite" finished-at="2025-08-22T09:50:45 IST" duration-ms="1" status="PASS">
          <reporter-output>
          </reporter-output>
        </test-method> <!-- afterSuite -->
      </class> <!-- testNG.TestNgFlow -->
    </test> <!-- Surefire test -->
  </suite> <!-- Surefire suite -->
</testng-results>
