<?xml version="1.0" encoding="UTF-8"?>
<testng-results ignored="0" total="10" passed="9" failed="1" skipped="0">
  <reporter-output>
  </reporter-output>
  <suite started-at="2025-08-22T20:38:15 IST" name="Suite" finished-at="2025-08-22T20:39:28 IST" duration-ms="73300">
    <groups>
    </groups>
    <test started-at="2025-08-22T20:38:15 IST" name="Test" finished-at="2025-08-22T20:39:28 IST" duration-ms="73300">
      <class name="xls_data_provider.Learn_Data_Provider">
        <test-method signature="submitForm(java.lang.String,java.lang.String)[pri:0, instance:xls_data_provider.Learn_Data_Provider@2f9f7dcf]" started-at="2025-08-22T20:38:16 IST" name="submitForm" data-provider="creds" finished-at="2025-08-22T20:38:49 IST" duration-ms="32885" status="FAIL">
          <params>
            <param index="0">
              <value>
                <![CDATA[alex43]]>
              </value>
            </param>
            <param index="1">
              <value>
                <![CDATA[HM1oAnyGNY]]>
              </value>
            </param>
          </params>
          <exception class="org.openqa.selenium.NoSuchElementException">
            <message>
              <![CDATA[no such element: Unable to locate element: {"method":"css selector","selector":"*[name='username']"}
  (Session info: chrome=139.0.7258.139)
For documentation on this error, please visit: https://www.selenium.dev/documentation/webdriver/troubleshooting/errors#no-such-element-exception
Build info: version: '4.35.0', revision: '1c58e5028b'
System info: os.name: 'Windows 11', os.arch: 'amd64', os.version: '10.0', java.version: '21.0.5'
Driver info: org.openqa.selenium.chrome.ChromeDriver
Command: [cd75c1362b2d3311b758db20f77b65f6, findElement {value=username, using=name}]
Capabilities {acceptInsecureCerts: false, browserName: chrome, browserVersion: 139.0.7258.139, chrome: {chromedriverVersion: 139.0.7258.138 (884e54ea8d4..., userDataDir: C:\Users\keert\AppData\Loca...}, fedcm:accounts: true, goog:chromeOptions: {debuggerAddress: localhost:56429}, networkConnectionEnabled: false, pageLoadStrategy: normal, platformName: windows, proxy: Proxy(), se:cdp: ws://localhost:56429/devtoo..., se:cdpVersion: 139.0.7258.139, setWindowRect: true, strictFileInteractability: false, timeouts: {implicit: 0, pageLoad: 300000, script: 30000}, unhandledPromptBehavior: dismiss and notify, webauthn:extension:credBlob: true, webauthn:extension:largeBlob: true, webauthn:extension:minPinLength: true, webauthn:extension:prf: true, webauthn:virtualAuthenticators: true}
Session ID: cd75c1362b2d3311b758db20f77b65f6]]>
            </message>
            <full-stacktrace>
              <![CDATA[org.openqa.selenium.NoSuchElementException: no such element: Unable to locate element: {"method":"css selector","selector":"*[name='username']"}
  (Session info: chrome=139.0.7258.139)
For documentation on this error, please visit: https://www.selenium.dev/documentation/webdriver/troubleshooting/errors#no-such-element-exception
Build info: version: '4.35.0', revision: '1c58e5028b'
System info: os.name: 'Windows 11', os.arch: 'amd64', os.version: '10.0', java.version: '21.0.5'
Driver info: org.openqa.selenium.chrome.ChromeDriver
Command: [cd75c1362b2d3311b758db20f77b65f6, findElement {value=username, using=name}]
Capabilities {acceptInsecureCerts: false, browserName: chrome, browserVersion: 139.0.7258.139, chrome: {chromedriverVersion: 139.0.7258.138 (884e54ea8d4..., userDataDir: C:\Users\keert\AppData\Loca...}, fedcm:accounts: true, goog:chromeOptions: {debuggerAddress: localhost:56429}, networkConnectionEnabled: false, pageLoadStrategy: normal, platformName: windows, proxy: Proxy(), se:cdp: ws://localhost:56429/devtoo..., se:cdpVersion: 139.0.7258.139, setWindowRect: true, strictFileInteractability: false, timeouts: {implicit: 0, pageLoad: 300000, script: 30000}, unhandledPromptBehavior: dismiss and notify, webauthn:extension:credBlob: true, webauthn:extension:largeBlob: true, webauthn:extension:minPinLength: true, webauthn:extension:prf: true, webauthn:virtualAuthenticators: true}
Session ID: cd75c1362b2d3311b758db20f77b65f6
at java.base/jdk.internal.reflect.DirectConstructorHandleAccessor.newInstance(DirectConstructorHandleAccessor.java:62)
at java.base/java.lang.reflect.Constructor.newInstanceWithCaller(Constructor.java:502)
at java.base/java.lang.reflect.Constructor.newInstance(Constructor.java:486)
at org.openqa.selenium.remote.ErrorCodec.decode(ErrorCodec.java:167)
at org.openqa.selenium.remote.codec.w3c.W3CHttpResponseCodec.decode(W3CHttpResponseCodec.java:138)
at org.openqa.selenium.remote.codec.w3c.W3CHttpResponseCodec.decode(W3CHttpResponseCodec.java:50)
at org.openqa.selenium.remote.HttpCommandExecutor.execute(HttpCommandExecutor.java:215)
at org.openqa.selenium.remote.service.DriverCommandExecutor.invokeExecute(DriverCommandExecutor.java:216)
at org.openqa.selenium.remote.service.DriverCommandExecutor.execute(DriverCommandExecutor.java:174)
at org.openqa.selenium.remote.RemoteWebDriver.execute(RemoteWebDriver.java:557)
at org.openqa.selenium.remote.ElementLocation$ElementFinder$2.findElement(ElementLocation.java:165)
at org.openqa.selenium.remote.ElementLocation.findElement(ElementLocation.java:66)
at org.openqa.selenium.remote.RemoteWebDriver.findElement(RemoteWebDriver.java:380)
at org.openqa.selenium.remote.RemoteWebDriver.findElement(RemoteWebDriver.java:374)
at xls_data_provider.Learn_Data_Provider.submitForm(Learn_Data_Provider.java:21)
at java.base/jdk.internal.reflect.DirectMethodHandleAccessor.invoke(DirectMethodHandleAccessor.java:103)
at java.base/java.lang.reflect.Method.invoke(Method.java:580)
at org.testng.internal.invokers.MethodInvocationHelper.invokeMethod(MethodInvocationHelper.java:141)
at org.testng.internal.invokers.TestInvoker.invokeMethod(TestInvoker.java:686)
at org.testng.internal.invokers.TestInvoker.invokeTestMethod(TestInvoker.java:230)
at org.testng.internal.invokers.MethodRunner.runInSequence(MethodRunner.java:63)
at org.testng.internal.invokers.TestInvoker$MethodInvocationAgent.invoke(TestInvoker.java:992)
at org.testng.internal.invokers.TestInvoker.invokeTestMethods(TestInvoker.java:203)
at org.testng.internal.invokers.TestMethodWorker.invokeTestMethods(TestMethodWorker.java:154)
at org.testng.internal.invokers.TestMethodWorker.run(TestMethodWorker.java:134)
at java.base/java.util.ArrayList.forEach(ArrayList.java:1596)
at org.testng.TestRunner.privateRun(TestRunner.java:739)
at org.testng.TestRunner.run(TestRunner.java:614)
at org.testng.SuiteRunner.runTest(SuiteRunner.java:421)
at org.testng.SuiteRunner.runSequentially(SuiteRunner.java:413)
at org.testng.SuiteRunner.privateRun(SuiteRunner.java:373)
at org.testng.SuiteRunner.run(SuiteRunner.java:312)
at org.testng.SuiteRunnerWorker.runSuite(SuiteRunnerWorker.java:52)
at org.testng.SuiteRunnerWorker.run(SuiteRunnerWorker.java:95)
at org.testng.TestNG.runSuitesSequentially(TestNG.java:1274)
at org.testng.TestNG.runSuitesLocally(TestNG.java:1208)
at org.testng.TestNG.runSuites(TestNG.java:1112)
at org.testng.TestNG.run(TestNG.java:1079)
at org.testng.remote.AbstractRemoteTestNG.run(AbstractRemoteTestNG.java:115)
at org.testng.remote.RemoteTestNG.initAndRun(RemoteTestNG.java:293)
at org.testng.remote.RemoteTestNG.main(RemoteTestNG.java:91)
]]>
            </full-stacktrace>
          </exception> <!-- org.openqa.selenium.NoSuchElementException -->
          <reporter-output>
          </reporter-output>
        </test-method> <!-- submitForm -->
        <test-method signature="submitForm(java.lang.String,java.lang.String)[pri:0, instance:xls_data_provider.Learn_Data_Provider@2f9f7dcf]" started-at="2025-08-22T20:38:49 IST" name="submitForm" data-provider="creds" finished-at="2025-08-22T20:38:53 IST" duration-ms="4185" status="PASS">
          <params>
            <param index="0">
              <value>
                <![CDATA[john76]]>
              </value>
            </param>
            <param index="1">
              <value>
                <![CDATA[QZg!Gdpbk3]]>
              </value>
            </param>
          </params>
          <reporter-output>
          </reporter-output>
        </test-method> <!-- submitForm -->
        <test-method signature="submitForm(java.lang.String,java.lang.String)[pri:0, instance:xls_data_provider.Learn_Data_Provider@2f9f7dcf]" started-at="2025-08-22T20:38:53 IST" name="submitForm" data-provider="creds" finished-at="2025-08-22T20:38:58 IST" duration-ms="4709" status="PASS">
          <params>
            <param index="0">
              <value>
                <![CDATA[emma12]]>
              </value>
            </param>
            <param index="1">
              <value>
                <![CDATA[R4odulVlq#]]>
              </value>
            </param>
          </params>
          <reporter-output>
          </reporter-output>
        </test-method> <!-- submitForm -->
        <test-method signature="submitForm(java.lang.String,java.lang.String)[pri:0, instance:xls_data_provider.Learn_Data_Provider@2f9f7dcf]" started-at="2025-08-22T20:38:58 IST" name="submitForm" data-provider="creds" finished-at="2025-08-22T20:39:02 IST" duration-ms="4662" status="PASS">
          <params>
            <param index="0">
              <value>
                <![CDATA[sara56]]>
              </value>
            </param>
            <param index="1">
              <value>
                <![CDATA[D3GVYUS6A3]]>
              </value>
            </param>
          </params>
          <reporter-output>
          </reporter-output>
        </test-method> <!-- submitForm -->
        <test-method signature="submitForm(java.lang.String,java.lang.String)[pri:0, instance:xls_data_provider.Learn_Data_Provider@2f9f7dcf]" started-at="2025-08-22T20:39:02 IST" name="submitForm" data-provider="creds" finished-at="2025-08-22T20:39:07 IST" duration-ms="4185" status="PASS">
          <params>
            <param index="0">
              <value>
                <![CDATA[mike29]]>
              </value>
            </param>
            <param index="1">
              <value>
                <![CDATA[R8YLHNSyO%]]>
              </value>
            </param>
          </params>
          <reporter-output>
          </reporter-output>
        </test-method> <!-- submitForm -->
        <test-method signature="submitForm(java.lang.String,java.lang.String)[pri:0, instance:xls_data_provider.Learn_Data_Provider@2f9f7dcf]" started-at="2025-08-22T20:39:07 IST" name="submitForm" data-provider="creds" finished-at="2025-08-22T20:39:11 IST" duration-ms="4202" status="PASS">
          <params>
            <param index="0">
              <value>
                <![CDATA[david79]]>
              </value>
            </param>
            <param index="1">
              <value>
                <![CDATA[m0w2#tipUq]]>
              </value>
            </param>
          </params>
          <reporter-output>
          </reporter-output>
        </test-method> <!-- submitForm -->
        <test-method signature="submitForm(java.lang.String,java.lang.String)[pri:0, instance:xls_data_provider.Learn_Data_Provider@2f9f7dcf]" started-at="2025-08-22T20:39:11 IST" name="submitForm" data-provider="creds" finished-at="2025-08-22T20:39:15 IST" duration-ms="4712" status="PASS">
          <params>
            <param index="0">
              <value>
                <![CDATA[linda85]]>
              </value>
            </param>
            <param index="1">
              <value>
                <![CDATA[09qll6a#Bv]]>
              </value>
            </param>
          </params>
          <reporter-output>
          </reporter-output>
        </test-method> <!-- submitForm -->
        <test-method signature="submitForm(java.lang.String,java.lang.String)[pri:0, instance:xls_data_provider.Learn_Data_Provider@2f9f7dcf]" started-at="2025-08-22T20:39:15 IST" name="submitForm" data-provider="creds" finished-at="2025-08-22T20:39:20 IST" duration-ms="4234" status="PASS">
          <params>
            <param index="0">
              <value>
                <![CDATA[oliver45]]>
              </value>
            </param>
            <param index="1">
              <value>
                <![CDATA[8Dc%aiv7RV]]>
              </value>
            </param>
          </params>
          <reporter-output>
          </reporter-output>
        </test-method> <!-- submitForm -->
        <test-method signature="submitForm(java.lang.String,java.lang.String)[pri:0, instance:xls_data_provider.Learn_Data_Provider@2f9f7dcf]" started-at="2025-08-22T20:39:20 IST" name="submitForm" data-provider="creds" finished-at="2025-08-22T20:39:24 IST" duration-ms="4213" status="PASS">
          <params>
            <param index="0">
              <value>
                <![CDATA[lucas88]]>
              </value>
            </param>
            <param index="1">
              <value>
                <![CDATA[7j1FglFaW!]]>
              </value>
            </param>
          </params>
          <reporter-output>
          </reporter-output>
        </test-method> <!-- submitForm -->
        <test-method signature="submitForm(java.lang.String,java.lang.String)[pri:0, instance:xls_data_provider.Learn_Data_Provider@2f9f7dcf]" started-at="2025-08-22T20:39:24 IST" name="submitForm" data-provider="creds" finished-at="2025-08-22T20:39:28 IST" duration-ms="4588" status="PASS">
          <params>
            <param index="0">
              <value>
                <![CDATA[sophia95]]>
              </value>
            </param>
            <param index="1">
              <value>
                <![CDATA[NaI2u4qxL9]]>
              </value>
            </param>
          </params>
          <reporter-output>
          </reporter-output>
        </test-method> <!-- submitForm -->
      </class> <!-- xls_data_provider.Learn_Data_Provider -->
    </test> <!-- Test -->
  </suite> <!-- Suite -->
</testng-results>
